<?xml version="1.0" encoding="UTF-8"?>
<!-- Generated by org.testng.reporters.JUnitReportReporter -->
<testsuite hostname="LAPTOP-2EUUN60H" failures="0" tests="1" name="ErrorValidations" time="6.323" errors="0" timestamp="2023-09-14T12:30:20 IST" skipped="0">
  <testcase classname="ErrorValidations" name="submitOrder" time="6.323"/>
  <system-out/>
</testsuite> <!-- ErrorValidations -->
